This is pdfTeX, Version 3.14159265-2.6-1.40.16 (TeX Live 2015/Debian) (preloaded format=pdflatex 2017.10.1)  4 DEC 2017 15:20
entering extended mode
 restricted \write18 enabled.
 %&-line parsing enabled.
**report.tex
(./report.tex
LaTeX2e <2016/02/01>
Babel <3.9q> and hyphenation patterns for 81 language(s) loaded.
(/usr/share/texlive/texmf-dist/tex/latex/IEEEtran/IEEEtran.cls
Document Class: IEEEtran 2015/08/26 V1.8b by Michael Shell
-- See the "IEEEtran_HOWTO" manual for usage information.
-- http://www.michaelshell.org/tex/ieeetran/
\@IEEEtrantmpdimenA=\dimen102
\@IEEEtrantmpdimenB=\dimen103
\@IEEEtrantmpdimenC=\dimen104
\@IEEEtrantmpcountA=\count79
\@IEEEtrantmpcountB=\count80
\@IEEEtrantmpcountC=\count81
\@IEEEtrantmptoksA=\toks14
LaTeX Font Info:    Try loading font information for OT1+ptm on input line 503.

(/usr/share/texlive/texmf-dist/tex/latex/psnfss/ot1ptm.fd
File: ot1ptm.fd 2001/06/04 font definitions for OT1/ptm.
)
-- Using 8.5in x 11in (letter) paper.
-- Using PDF output.
\@IEEEnormalsizeunitybaselineskip=\dimen105
-- This is a 10 point document.
\CLASSINFOnormalsizebaselineskip=\dimen106
\CLASSINFOnormalsizeunitybaselineskip=\dimen107
\IEEEnormaljot=\dimen108
LaTeX Font Info:    Font shape `OT1/ptm/bx/n' in size <5> not available
(Font)              Font shape `OT1/ptm/b/n' tried instead on input line 1090.
LaTeX Font Info:    Font shape `OT1/ptm/bx/it' in size <5> not available
(Font)              Font shape `OT1/ptm/b/it' tried instead on input line 1090.

LaTeX Font Info:    Font shape `OT1/ptm/bx/n' in size <7> not available
(Font)              Font shape `OT1/ptm/b/n' tried instead on input line 1090.
LaTeX Font Info:    Font shape `OT1/ptm/bx/it' in size <7> not available
(Font)              Font shape `OT1/ptm/b/it' tried instead on input line 1090.

LaTeX Font Info:    Font shape `OT1/ptm/bx/n' in size <8> not available
(Font)              Font shape `OT1/ptm/b/n' tried instead on input line 1090.
LaTeX Font Info:    Font shape `OT1/ptm/bx/it' in size <8> not available
(Font)              Font shape `OT1/ptm/b/it' tried instead on input line 1090.

LaTeX Font Info:    Font shape `OT1/ptm/bx/n' in size <9> not available
(Font)              Font shape `OT1/ptm/b/n' tried instead on input line 1090.
LaTeX Font Info:    Font shape `OT1/ptm/bx/it' in size <9> not available
(Font)              Font shape `OT1/ptm/b/it' tried instead on input line 1090.

LaTeX Font Info:    Font shape `OT1/ptm/bx/n' in size <10> not available
(Font)              Font shape `OT1/ptm/b/n' tried instead on input line 1090.
LaTeX Font Info:    Font shape `OT1/ptm/bx/it' in size <10> not available
(Font)              Font shape `OT1/ptm/b/it' tried instead on input line 1090.

LaTeX Font Info:    Font shape `OT1/ptm/bx/n' in size <11> not available
(Font)              Font shape `OT1/ptm/b/n' tried instead on input line 1090.
LaTeX Font Info:    Font shape `OT1/ptm/bx/it' in size <11> not available
(Font)              Font shape `OT1/ptm/b/it' tried instead on input line 1090.

LaTeX Font Info:    Font shape `OT1/ptm/bx/n' in size <12> not available
(Font)              Font shape `OT1/ptm/b/n' tried instead on input line 1090.
LaTeX Font Info:    Font shape `OT1/ptm/bx/it' in size <12> not available
(Font)              Font shape `OT1/ptm/b/it' tried instead on input line 1090.

LaTeX Font Info:    Font shape `OT1/ptm/bx/n' in size <17> not available
(Font)              Font shape `OT1/ptm/b/n' tried instead on input line 1090.
LaTeX Font Info:    Font shape `OT1/ptm/bx/it' in size <17> not available
(Font)              Font shape `OT1/ptm/b/it' tried instead on input line 1090.

LaTeX Font Info:    Font shape `OT1/ptm/bx/n' in size <20> not available
(Font)              Font shape `OT1/ptm/b/n' tried instead on input line 1090.
LaTeX Font Info:    Font shape `OT1/ptm/bx/it' in size <20> not available
(Font)              Font shape `OT1/ptm/b/it' tried instead on input line 1090.

LaTeX Font Info:    Font shape `OT1/ptm/bx/n' in size <24> not available
(Font)              Font shape `OT1/ptm/b/n' tried instead on input line 1090.
LaTeX Font Info:    Font shape `OT1/ptm/bx/it' in size <24> not available
(Font)              Font shape `OT1/ptm/b/it' tried instead on input line 1090.

\IEEEquantizedlength=\dimen109
\IEEEquantizedlengthdiff=\dimen110
\IEEEquantizedtextheightdiff=\dimen111
\IEEEilabelindentA=\dimen112
\IEEEilabelindentB=\dimen113
\IEEEilabelindent=\dimen114
\IEEEelabelindent=\dimen115
\IEEEdlabelindent=\dimen116
\IEEElabelindent=\dimen117
\IEEEiednormlabelsep=\dimen118
\IEEEiedmathlabelsep=\dimen119
\IEEEiedtopsep=\skip41
\c@section=\count82
\c@subsection=\count83
\c@subsubsection=\count84
\c@paragraph=\count85
\c@IEEEsubequation=\count86
\abovecaptionskip=\skip42
\belowcaptionskip=\skip43
\c@figure=\count87
\c@table=\count88
\@IEEEeqnnumcols=\count89
\@IEEEeqncolcnt=\count90
\@IEEEsubeqnnumrollback=\count91
\@IEEEquantizeheightA=\dimen120
\@IEEEquantizeheightB=\dimen121
\@IEEEquantizeheightC=\dimen122
\@IEEEquantizeprevdepth=\dimen123
\@IEEEquantizemultiple=\count92
\@IEEEquantizeboxA=\box26
\@IEEEtmpitemindent=\dimen124
\IEEEPARstartletwidth=\dimen125
\c@IEEEbiography=\count93
\@IEEEtranrubishbin=\box27
) (/usr/share/texlive/texmf-dist/tex/latex/graphics/graphicx.sty
Package: graphicx 2014/10/28 v1.0g Enhanced LaTeX Graphics (DPC,SPQR)

(/usr/share/texlive/texmf-dist/tex/latex/graphics/keyval.sty
Package: keyval 2014/10/28 v1.15 key=value parser (DPC)
\KV@toks@=\toks15
)
(/usr/share/texlive/texmf-dist/tex/latex/graphics/graphics.sty
Package: graphics 2016/01/03 v1.0q Standard LaTeX Graphics (DPC,SPQR)

(/usr/share/texlive/texmf-dist/tex/latex/graphics/trig.sty
Package: trig 2016/01/03 v1.10 sin cos tan (DPC)
)
(/usr/share/texlive/texmf-dist/tex/latex/latexconfig/graphics.cfg
File: graphics.cfg 2010/04/23 v1.9 graphics configuration of TeX Live
)
Package graphics Info: Driver file: pdftex.def on input line 95.

(/usr/share/texlive/texmf-dist/tex/latex/pdftex-def/pdftex.def
File: pdftex.def 2011/05/27 v0.06d Graphics/color for pdfTeX

(/usr/share/texlive/texmf-dist/tex/generic/oberdiek/infwarerr.sty
Package: infwarerr 2010/04/08 v1.3 Providing info/warning/error messages (HO)
)
(/usr/share/texlive/texmf-dist/tex/generic/oberdiek/ltxcmds.sty
Package: ltxcmds 2011/11/09 v1.22 LaTeX kernel commands for general use (HO)
)
\Gread@gobject=\count94
))
\Gin@req@height=\dimen126
\Gin@req@width=\dimen127
)
(/usr/share/texlive/texmf-dist/tex/latex/float/float.sty
Package: float 2001/11/08 v1.3d Float enhancements (AL)
\c@float@type=\count95
\float@exts=\toks16
\float@box=\box28
\@float@everytoks=\toks17
\@floatcapt=\box29
)

LaTeX Warning: Unused global option(s):
    [compsocconf].

(./report.aux)
\openout1 = `report.aux'.

LaTeX Font Info:    Checking defaults for OML/cmm/m/it on input line 5.
LaTeX Font Info:    ... okay on input line 5.
LaTeX Font Info:    Checking defaults for T1/cmr/m/n on input line 5.
LaTeX Font Info:    ... okay on input line 5.
LaTeX Font Info:    Checking defaults for OT1/cmr/m/n on input line 5.
LaTeX Font Info:    ... okay on input line 5.
LaTeX Font Info:    Checking defaults for OMS/cmsy/m/n on input line 5.
LaTeX Font Info:    ... okay on input line 5.
LaTeX Font Info:    Checking defaults for OMX/cmex/m/n on input line 5.
LaTeX Font Info:    ... okay on input line 5.
LaTeX Font Info:    Checking defaults for U/cmr/m/n on input line 5.
LaTeX Font Info:    ... okay on input line 5.

-- Lines per column: 56 (exact).
(/usr/share/texlive/texmf-dist/tex/context/base/supp-pdf.mkii
[Loading MPS to PDF converter (version 2006.09.02).]
\scratchcounter=\count96
\scratchdimen=\dimen128
\scratchbox=\box30
\nofMPsegments=\count97
\nofMParguments=\count98
\everyMPshowfont=\toks18
\MPscratchCnt=\count99
\MPscratchDim=\dimen129
\MPnumerator=\count100
\makeMPintoPDFobject=\count101
\everyMPtoPDFconversion=\toks19
) (/usr/share/texlive/texmf-dist/tex/generic/oberdiek/pdftexcmds.sty
Package: pdftexcmds 2011/11/29 v0.20 Utility functions of pdfTeX for LuaTeX (HO
)

(/usr/share/texlive/texmf-dist/tex/generic/oberdiek/ifluatex.sty
Package: ifluatex 2010/03/01 v1.3 Provides the ifluatex switch (HO)
Package ifluatex Info: LuaTeX not detected.
)
(/usr/share/texlive/texmf-dist/tex/generic/oberdiek/ifpdf.sty
Package: ifpdf 2011/01/30 v2.3 Provides the ifpdf switch (HO)
Package ifpdf Info: pdfTeX in PDF mode is detected.
)
Package pdftexcmds Info: LuaTeX not detected.
Package pdftexcmds Info: \pdf@primitive is available.
Package pdftexcmds Info: \pdf@ifprimitive is available.
Package pdftexcmds Info: \pdfdraftmode found.
)
(/usr/share/texlive/texmf-dist/tex/latex/oberdiek/epstopdf-base.sty
Package: epstopdf-base 2010/02/09 v2.5 Base part for package epstopdf

(/usr/share/texlive/texmf-dist/tex/latex/oberdiek/grfext.sty
Package: grfext 2010/08/19 v1.1 Manage graphics extensions (HO)

(/usr/share/texlive/texmf-dist/tex/generic/oberdiek/kvdefinekeys.sty
Package: kvdefinekeys 2011/04/07 v1.3 Define keys (HO)
))
(/usr/share/texlive/texmf-dist/tex/latex/oberdiek/kvoptions.sty
Package: kvoptions 2011/06/30 v3.11 Key value format for package options (HO)

(/usr/share/texlive/texmf-dist/tex/generic/oberdiek/kvsetkeys.sty
Package: kvsetkeys 2012/04/25 v1.16 Key value parser (HO)

(/usr/share/texlive/texmf-dist/tex/generic/oberdiek/etexcmds.sty
Package: etexcmds 2011/02/16 v1.5 Avoid name clashes with e-TeX commands (HO)
Package etexcmds Info: Could not find \expanded.
(etexcmds)             That can mean that you are not using pdfTeX 1.50 or
(etexcmds)             that some package has redefined \expanded.
(etexcmds)             In the latter case, load this package earlier.
)))
Package grfext Info: Graphics extension search list:
(grfext)             [.png,.pdf,.jpg,.mps,.jpeg,.jbig2,.jb2,.PNG,.PDF,.JPG,.JPE
G,.JBIG2,.JB2,.eps]
(grfext)             \AppendGraphicsExtensions on input line 452.

(/usr/share/texlive/texmf-dist/tex/latex/latexconfig/epstopdf-sys.cfg
File: epstopdf-sys.cfg 2010/07/13 v1.3 Configuration of (r)epstopdf for TeX Liv
e
))
LaTeX Font Info:    External font `cmex10' loaded for size
(Font)              <7> on input line 15.
LaTeX Font Info:    External font `cmex10' loaded for size
(Font)              <5> on input line 15.

<BasedonClientIDchangebytime.png, id=1, 578.16pt x 433.62pt>
File: BasedonClientIDchangebytime.png Graphic file (type png)

<use BasedonClientIDchangebytime.png>
Package pdftex.def Info: BasedonClientIDchangebytime.png used on input line 16.

(pdftex.def)             Requested size: 289.07928pt x 216.80946pt.

<BasedonClientIDfeaturechange.png, id=3, 578.16pt x 433.62pt>
File: BasedonClientIDfeaturechange.png Graphic file (type png)

<use BasedonClientIDfeaturechange.png>
Package pdftex.def Info: BasedonClientIDfeaturechange.png used on input line 17
.
(pdftex.def)             Requested size: 289.07928pt x 216.80946pt.

<BasedonClientIDnumberofusersfingerprint.png, id=4, 578.16pt x 433.62pt>
File: BasedonClientIDnumberofusersfingerprint.png Graphic file (type png)

<use BasedonClientIDnumberofusersfingerprint.png>
Package pdftex.def Info: BasedonClientIDnumberofusersfingerprint.png used on in
put line 18.
(pdftex.def)             Requested size: 289.07928pt x 216.80946pt.

Underfull \vbox (badness 1910) has occurred while \output is active []


<BasedonClientIDtolerance.png, id=5, 578.16pt x 433.62pt>
File: BasedonClientIDtolerance.png Graphic file (type png)

<use BasedonClientIDtolerance.png>
Package pdftex.def Info: BasedonClientIDtolerance.png used on input line 19.
(pdftex.def)             Requested size: 289.07928pt x 216.80946pt.

Underfull \hbox (badness 10000) in paragraph at lines 19--19
[]\OT1/ptm/m/n/10 [0.0, 75.988923634143, 84.51256620023796,
 []


Underfull \hbox (badness 10000) in paragraph at lines 19--19
\OT1/ptm/m/n/10 86.93578445307811, 88.45352032597366,
 []


Underfull \hbox (badness 10000) in paragraph at lines 19--19
\OT1/ptm/m/n/10 89.4921928466892, 90.32239384271982,
 []


Underfull \hbox (badness 10000) in paragraph at lines 19--19
\OT1/ptm/m/n/10 90.97255124924982, 91.49267717447383,
 []


Underfull \hbox (badness 10000) in paragraph at lines 19--19
\OT1/ptm/m/n/10 91.94436547795782, 92.40605620308074,
 []


Underfull \hbox (badness 10000) in paragraph at lines 19--19
\OT1/ptm/m/n/10 92.75508807395475, 93.0567400528549,
 []


Underfull \hbox (badness 10000) in paragraph at lines 19--19
\OT1/ptm/m/n/10 93.31259146951368, 93.56001979426598,
 []


Underfull \hbox (badness 10000) in paragraph at lines 19--19
\OT1/ptm/m/n/10 93.80744811901829, 93.97801573012413,
 []


Underfull \hbox (badness 10000) in paragraph at lines 19--19
\OT1/ptm/m/n/10 94.22702338460891, 94.38758857407583,
 []

[1{/var/lib/texmf/fonts/map/pdftex/updmap/pdftex.map}


 <./BasedonClientIDchangebytime.png> <./BasedonClientIDfeaturechange.png> <./Ba
sedonClientIDnumberofusersfingerprint.png> <./BasedonClientIDtolerance.png>]
<BasedonCookiechangebytime.png, id=18, 578.16pt x 433.62pt>
File: BasedonCookiechangebytime.png Graphic file (type png)

<use BasedonCookiechangebytime.png>
Package pdftex.def Info: BasedonCookiechangebytime.png used on input line 22.
(pdftex.def)             Requested size: 289.07928pt x 216.80946pt.

<BasedonCookiefeaturechange.png, id=19, 578.16pt x 433.62pt>
File: BasedonCookiefeaturechange.png Graphic file (type png)

<use BasedonCookiefeaturechange.png>
Package pdftex.def Info: BasedonCookiefeaturechange.png used on input line 23.
(pdftex.def)             Requested size: 289.07928pt x 216.80946pt.

<BasedonCookienumberofusersfingerprint.png, id=20, 578.16pt x 433.62pt>
File: BasedonCookienumberofusersfingerprint.png Graphic file (type png)

<use BasedonCookienumberofusersfingerprint.png>
Package pdftex.def Info: BasedonCookienumberofusersfingerprint.png used on inpu
t line 24.
(pdftex.def)             Requested size: 289.07928pt x 216.80946pt.

<BasedonCookietolerance.png, id=21, 578.16pt x 433.62pt>
File: BasedonCookietolerance.png Graphic file (type png)

<use BasedonCookietolerance.png>
Package pdftex.def Info: BasedonCookietolerance.png used on input line 25.
(pdftex.def)             Requested size: 289.07928pt x 216.80946pt.


** Conference Paper **
Before submitting the final camera ready copy, remember to:

 1. Manually equalize the lengths of two columns on the last page
 of your paper;

 2. Ensure that any PostScript and/or PDF output post-processing
 uses only Type 1 fonts and that every step in the generation
 process uses the appropriate paper size.


Underfull \hbox (badness 10000) in paragraph at lines 25--26
[]\OT1/ptm/m/n/10 [0.0, 40.973563631463094, 54.44780108710301,
 []


Underfull \hbox (badness 10000) in paragraph at lines 25--26
\OT1/ptm/m/n/10 60.225281883113965, 65.44685773325547,
 []


Underfull \hbox (badness 10000) in paragraph at lines 25--26
\OT1/ptm/m/n/10 68.62786936795293, 71.42087058083644,
 []


Underfull \hbox (badness 10000) in paragraph at lines 25--26
\OT1/ptm/m/n/10 73.42690130721891, 75.22938098018956,
 []


Underfull \hbox (badness 10000) in paragraph at lines 25--26
\OT1/ptm/m/n/10 76.68034904092359, 77.88621355734243,
 []


Underfull \hbox (badness 10000) in paragraph at lines 25--26
\OT1/ptm/m/n/10 78.98875836665019, 80.0230784780558,
 []


Underfull \hbox (badness 10000) in paragraph at lines 25--26
\OT1/ptm/m/n/10 80.84542473383945, 81.61021517452046,
 []


Underfull \hbox (badness 10000) in paragraph at lines 25--26
\OT1/ptm/m/n/10 82.15685503795876, 82.74588967252146,
 []


Underfull \hbox (badness 10000) in paragraph at lines 25--26
\OT1/ptm/m/n/10 83.42083688962761, 83.93855846547774,
 []

[2 <./BasedonCookiechangebytime.png> <./BasedonCookiefeaturechange.png> <./Base
donCookienumberofusersfingerprint.png> <./BasedonCookietolerance.png>]
(./report.aux) ) 
Here is how much of TeX's memory you used:
 2398 strings out of 493029
 40109 string characters out of 6136234
 102498 words of memory out of 5000000
 5929 multiletter control sequences out of 15000+600000
 30804 words of font info for 60 fonts, out of 8000000 for 9000
 1144 hyphenation exceptions out of 8191
 37i,7n,23p,567b,234s stack positions out of 5000i,500n,10000p,200000b,80000s
{/usr/share/texlive/texmf-dist/fonts/enc/dvips/base/8r.enc}</us
r/share/texlive/texmf-dist/fonts/type1/public/amsfonts/cm/cmsy7.pfb></usr/share
/texlive/texmf-dist/fonts/type1/urw/times/utmr8a.pfb></usr/share/texlive/texmf-
dist/fonts/type1/urw/times/utmri8a.pfb>
Output written on report.pdf (2 pages, 194703 bytes).
PDF statistics:
 41 PDF objects out of 1000 (max. 8388607)
 17 compressed objects within 1 object stream
 0 named destinations out of 1000 (max. 500000)
 41 words of extra memory for PDF output out of 10000 (max. 10000000)

